<?xml version="1.0" encoding="UTF-8"?>
<!-- Generated by org.testng.reporters.JUnitXMLReporter -->
<testsuite ignored="0" hostname="LAPTOP-V8T2EA1I" failures="0" tests="3" name="Default test" time="0.081" errors="0" timestamp="2020-12-18T18:19:17 IST">
  <testcase classname="demo.TestNGRetryFailedDemo" name="test1" time="0.012"/>
  <testcase classname="demo.TestNGRetryFailedDemo" name="test2" time="0.003"/>
  <testcase classname="demo.TestNGRetryFailedDemo" name="test3" time="0.003"/>
</testsuite> <!-- Default test -->
