<?xml version="1.0" encoding="UTF-8"?>
<!-- Generated by org.testng.reporters.JUnitXMLReporter -->
<testsuite ignored="0" hostname="LAPTOP-V8T2EA1I" failures="0" tests="1" name="Test1" time="0.196" errors="0" timestamp="2020-12-17T11:41:52 IST">
  <testcase classname="demo.TestNGMultiBrowserDemo" name="@BeforeTest setUp" time="0.126">
    <failure type="java.lang.IllegalStateException" message="The path to the driver executable must be set by the webdriver.gecko.driver system property; for more information, see https://github.com/mozilla/geckodriver. The latest version can be downloaded from https://github.com/mozilla/geckodriver/releases">
      <![CDATA[java.lang.IllegalStateException: The path to the driver executable must be set by the webdriver.gecko.driver system property; for more information, see https://github.com/mozilla/geckodriver. The latest version can be downloaded from https://github.com/mozilla/geckodriver/releases
at com.google.common.base.Preconditions.checkState(Preconditions.java:738)
at org.openqa.selenium.remote.service.DriverService.findExecutable(DriverService.java:124)
at org.openqa.selenium.firefox.GeckoDriverService.access$100(GeckoDriverService.java:41)
at org.openqa.selenium.firefox.GeckoDriverService$Builder.findDefaultExecutable(GeckoDriverService.java:115)
at org.openqa.selenium.remote.service.DriverService$Builder.build(DriverService.java:330)
at org.openqa.selenium.firefox.FirefoxDriver.toExecutor(FirefoxDriver.java:207)
at org.openqa.selenium.firefox.FirefoxDriver.<init>(FirefoxDriver.java:108)
at org.openqa.selenium.firefox.FirefoxDriver.<init>(FirefoxDriver.java:104)
at demo.TestNGMultiBrowserDemo.setUp(TestNGMultiBrowserDemo.java:25)
... Removed 24 stack frames]]>
    </failure>
  </testcase> <!-- @BeforeTest setUp -->
  <testcase classname="demo.TestNGMultiBrowserDemo" name="@AfterTest tearDown" time="-1.608185512225E9">
    <skipped/>
  </testcase> <!-- @AfterTest tearDown -->
  <testcase classname="demo.TestNGMultiBrowserDemo" name="test" time="0.0">
    <skipped/>
  </testcase> <!-- test -->
</testsuite> <!-- Test1 -->
